<?xml version="1.0" encoding="UTF-8"?>
<!-- Generated by org.testng.reporters.JUnitXMLReporter -->
<testsuite hostname="DESKTOP-KUOMTHR" ignored="0" name="Default test" tests="1" failures="1" timestamp="2020-01-26T07:09:25 IST" time="18.173" errors="0">
  <testcase name="f" time="18.024" classname="ravi12.HMS">
    <failure type="org.openqa.selenium.SessionNotCreatedException" message="session not created
from chrome not reachable
  (Session info: chrome=79.0.3945.130)
Build info: version: &amp;apos;3.141.59&amp;apos;, revision: &amp;apos;e82be7d358&amp;apos;, time: &amp;apos;2018-11-14T08:25:53&amp;apos;
System info: host: &amp;apos;DESKTOP-KUOMTHR&amp;apos;, ip: &amp;apos;192.168.0.5&amp;apos;, os.name: &amp;apos;Windows 10&amp;apos;, os.arch: &amp;apos;amd64&amp;apos;, os.version: &amp;apos;10.0&amp;apos;, java.version: &amp;apos;1.8.0_231&amp;apos;
Driver info: driver.version: ChromeDriver
remote stacktrace: Backtrace:
	Ordinal0 [0x0102A113+1548563]
	Ordinal0 [0x00FADDA1+1039777]
	Ordinal0 [0x00F2E32E+516910]
	Ordinal0 [0x00F28012+491538]
	Ordinal0 [0x00F286EB+493291]
	Ordinal0 [0x00F29855+497749]
	Ordinal0 [0x00F25885+481413]
	Ordinal0 [0x00F2F0D0+520400]
	Ordinal0 [0x00EDC030+180272]
	Ordinal0 [0x00EDB59D+177565]
	Ordinal0 [0x00ED95FB+169467]
	Ordinal0 [0x00EC160A+71178]
	Ordinal0 [0x00EC2690+75408]
	Ordinal0 [0x00EC2629+75305]
	Ordinal0 [0x00FC71B7+1143223]
	GetHandleVerifier [0x010C2B46+507814]
	GetHandleVerifier [0x010C2864+507076]
	GetHandleVerifier [0x010C9F47+537511]
	GetHandleVerifier [0x010C3402+510050]
	Ordinal0 [0x00FBF29C+1110684]
	Ordinal0 [0x00FC938B+1151883]
	Ordinal0 [0x00FC94F3+1152243]
	Ordinal0 [0x00FC83F5+1147893]
	BaseThreadInitThunk [0x74A06359+25]
	RtlGetAppContainerNamedObjectPath [0x770C7B74+228]
	RtlGetAppContainerNamedObjectPath [0x770C7B44+180]
">
      <![CDATA[org.openqa.selenium.SessionNotCreatedException: session not created
from chrome not reachable
  (Session info: chrome=79.0.3945.130)
Build info: version: '3.141.59', revision: 'e82be7d358', time: '2018-11-14T08:25:53'
System info: host: 'DESKTOP-KUOMTHR', ip: '192.168.0.5', os.name: 'Windows 10', os.arch: 'amd64', os.version: '10.0', java.version: '1.8.0_231'
Driver info: driver.version: ChromeDriver
remote stacktrace: Backtrace:
Ordinal0 [0x0102A113+1548563]
Ordinal0 [0x00FADDA1+1039777]
Ordinal0 [0x00F2E32E+516910]
Ordinal0 [0x00F28012+491538]
Ordinal0 [0x00F286EB+493291]
Ordinal0 [0x00F29855+497749]
Ordinal0 [0x00F25885+481413]
Ordinal0 [0x00F2F0D0+520400]
Ordinal0 [0x00EDC030+180272]
Ordinal0 [0x00EDB59D+177565]
Ordinal0 [0x00ED95FB+169467]
Ordinal0 [0x00EC160A+71178]
Ordinal0 [0x00EC2690+75408]
Ordinal0 [0x00EC2629+75305]
Ordinal0 [0x00FC71B7+1143223]
GetHandleVerifier [0x010C2B46+507814]
GetHandleVerifier [0x010C2864+507076]
GetHandleVerifier [0x010C9F47+537511]
GetHandleVerifier [0x010C3402+510050]
Ordinal0 [0x00FBF29C+1110684]
Ordinal0 [0x00FC938B+1151883]
Ordinal0 [0x00FC94F3+1152243]
Ordinal0 [0x00FC83F5+1147893]
BaseThreadInitThunk [0x74A06359+25]
RtlGetAppContainerNamedObjectPath [0x770C7B74+228]
RtlGetAppContainerNamedObjectPath [0x770C7B44+180]

at sun.reflect.NativeConstructorAccessorImpl.newInstance0(Native Method)
at sun.reflect.NativeConstructorAccessorImpl.newInstance(NativeConstructorAccessorImpl.java:62)
at sun.reflect.DelegatingConstructorAccessorImpl.newInstance(DelegatingConstructorAccessorImpl.java:45)
at java.lang.reflect.Constructor.newInstance(Constructor.java:423)
at org.openqa.selenium.remote.W3CHandshakeResponse.lambda$errorHandler$0(W3CHandshakeResponse.java:62)
at org.openqa.selenium.remote.HandshakeResponse.lambda$getResponseFunction$0(HandshakeResponse.java:30)
at org.openqa.selenium.remote.ProtocolHandshake.lambda$createSession$0(ProtocolHandshake.java:126)
at java.util.stream.ReferencePipeline$3$1.accept(ReferencePipeline.java:193)
at java.util.Spliterators$ArraySpliterator.tryAdvance(Spliterators.java:958)
at java.util.stream.ReferencePipeline.forEachWithCancel(ReferencePipeline.java:126)
at java.util.stream.AbstractPipeline.copyIntoWithCancel(AbstractPipeline.java:499)
at java.util.stream.AbstractPipeline.copyInto(AbstractPipeline.java:486)
at java.util.stream.AbstractPipeline.wrapAndCopyInto(AbstractPipeline.java:472)
at java.util.stream.FindOps$FindOp.evaluateSequential(FindOps.java:152)
at java.util.stream.AbstractPipeline.evaluate(AbstractPipeline.java:234)
at java.util.stream.ReferencePipeline.findFirst(ReferencePipeline.java:464)
at org.openqa.selenium.remote.ProtocolHandshake.createSession(ProtocolHandshake.java:128)
at org.openqa.selenium.remote.ProtocolHandshake.createSession(ProtocolHandshake.java:74)
at org.openqa.selenium.remote.HttpCommandExecutor.execute(HttpCommandExecutor.java:136)
at org.openqa.selenium.remote.service.DriverCommandExecutor.execute(DriverCommandExecutor.java:83)
at org.openqa.selenium.remote.RemoteWebDriver.execute(RemoteWebDriver.java:552)
at org.openqa.selenium.remote.RemoteWebDriver.startSession(RemoteWebDriver.java:213)
at org.openqa.selenium.remote.RemoteWebDriver.<init>(RemoteWebDriver.java:131)
at org.openqa.selenium.chrome.ChromeDriver.<init>(ChromeDriver.java:181)
at org.openqa.selenium.chrome.ChromeDriver.<init>(ChromeDriver.java:168)
at org.openqa.selenium.chrome.ChromeDriver.<init>(ChromeDriver.java:123)
at ravi12.HMS.f(HMS.java:21)
at sun.reflect.NativeMethodAccessorImpl.invoke0(Native Method)
at sun.reflect.NativeMethodAccessorImpl.invoke(NativeMethodAccessorImpl.java:62)
at sun.reflect.DelegatingMethodAccessorImpl.invoke(DelegatingMethodAccessorImpl.java:43)
at java.lang.reflect.Method.invoke(Method.java:498)
at org.testng.internal.MethodInvocationHelper.invokeMethod(MethodInvocationHelper.java:133)
at org.testng.internal.TestInvoker.invokeMethod(TestInvoker.java:584)
at org.testng.internal.TestInvoker.invokeTestMethod(TestInvoker.java:172)
at org.testng.internal.MethodRunner.runInSequence(MethodRunner.java:46)
at org.testng.internal.TestInvoker$MethodInvocationAgent.invoke(TestInvoker.java:804)
at org.testng.internal.TestInvoker.invokeTestMethods(TestInvoker.java:145)
at org.testng.internal.TestMethodWorker.invokeTestMethods(TestMethodWorker.java:146)
at org.testng.internal.TestMethodWorker.run(TestMethodWorker.java:128)
at java.util.ArrayList.forEach(ArrayList.java:1257)
at org.testng.TestRunner.privateRun(TestRunner.java:770)
at org.testng.TestRunner.run(TestRunner.java:591)
at org.testng.SuiteRunner.runTest(SuiteRunner.java:402)
at org.testng.SuiteRunner.runSequentially(SuiteRunner.java:396)
at org.testng.SuiteRunner.privateRun(SuiteRunner.java:355)
at org.testng.SuiteRunner.run(SuiteRunner.java:304)
at org.testng.SuiteRunnerWorker.runSuite(SuiteRunnerWorker.java:53)
at org.testng.SuiteRunnerWorker.run(SuiteRunnerWorker.java:96)
at org.testng.TestNG.runSuitesSequentially(TestNG.java:1180)
at org.testng.TestNG.runSuitesLocally(TestNG.java:1102)
at org.testng.TestNG.runSuites(TestNG.java:1032)
at org.testng.TestNG.run(TestNG.java:1000)
at org.testng.remote.AbstractRemoteTestNG.run(AbstractRemoteTestNG.java:115)
at org.testng.remote.RemoteTestNG.initAndRun(RemoteTestNG.java:251)
at org.testng.remote.RemoteTestNG.main(RemoteTestNG.java:77)
]]>
    </failure>
  </testcase> <!-- f -->
</testsuite> <!-- Default test -->
